{"level":"INFO","message":"[6:23:07.454 PM]: Creating new connection object"}
{"level":"INFO","message":"[6:23:07.462 PM]: Creating Connection[id: 9426aa7e-3f40-4cc8-b16a-4890c617269c] with host: ZOUCZHD-TH77075.snowflakecomputing.com, account: ZOUCZHD-TH77075, accessUrl: https://ZOUCZHD-TH77075.snowflakecomputing.com, user: ARKELZIKO, password is provided, role: undefined, database: HARK_DB, schema: PUBLIC, warehouse: COMPUTE_WH, region: undefined, authenticator: SNOWFLAKE, ocsp mode: FAIL_OPEN, os: darwin, os version: 25.3.0"}
{"level":"INFO","message":"[6:23:07.462 PM]: Connection[id: 9426aa7e-3f40-4cc8-b16a-4890c617269c] additional details: passcode in password is provided, passcode is not provided, private key is not provided, application: undefined, client name: snowflake-sdk, client version: 1.15.0, retry timeout: 300, private key path: undefined, private key pass is not provided, client store temporary credential: false, browser response timeout: 120000"}
{"level":"INFO","message":"[6:23:07.463 PM]: Connection[id: 9426aa7e-3f40-4cc8-b16a-4890c617269c] - connection object created successfully."}
{"level":"INFO","message":"[6:23:07.463 PM]: Connection[id: 9426aa7e-3f40-4cc8-b16a-4890c617269c] - connecting. Associated Snowflake domain: GLOBAL"}
{"level":"INFO","message":"[6:23:07.463 PM]: Connection[id: 9426aa7e-3f40-4cc8-b16a-4890c617269c] - authentication successful using: SNOWFLAKE"}
{"level":"INFO","message":"[6:23:07.463 PM]: Trying to initialize Easy Logging"}
{"level":"INFO","message":"[6:23:07.464 PM]: No client config detected."}
{"level":"INFO","message":"[6:23:07.464 PM]: No config file path found. Client config will not be used."}
{"level":"INFO","message":"[6:23:07.464 PM]: Easy Logging is disabled as no config has been found"}
{"level":"INFO","message":"[6:23:07.465 PM]: Connection[id: 9426aa7e-3f40-4cc8-b16a-4890c617269c] - connected successfully after 2.4270419999993464 milliseconds"}
{"level":"INFO","message":"[6:27:11.014 PM]: Creating new connection object"}
{"level":"INFO","message":"[6:27:11.023 PM]: Creating Connection[id: 985498db-d245-4d8f-9988-d42477214eb2] with host: ZOUCZHD-TH77075.snowflakecomputing.com, account: ZOUCZHD-TH77075, accessUrl: https://ZOUCZHD-TH77075.snowflakecomputing.com, user: ARKELZIKO, password is provided, role: undefined, database: HARK_DB, schema: PUBLIC, warehouse: COMPUTE_WH, region: undefined, authenticator: SNOWFLAKE, ocsp mode: FAIL_OPEN, os: darwin, os version: 25.3.0"}
{"level":"INFO","message":"[6:27:11.023 PM]: Connection[id: 985498db-d245-4d8f-9988-d42477214eb2] additional details: passcode in password is provided, passcode is not provided, private key is not provided, application: undefined, client name: snowflake-sdk, client version: 1.15.0, retry timeout: 300, private key path: undefined, private key pass is not provided, client store temporary credential: false, browser response timeout: 120000"}
{"level":"INFO","message":"[6:27:11.024 PM]: Connection[id: 985498db-d245-4d8f-9988-d42477214eb2] - connection object created successfully."}
{"level":"INFO","message":"[6:27:11.024 PM]: Connection[id: 985498db-d245-4d8f-9988-d42477214eb2] - connecting. Associated Snowflake domain: GLOBAL"}
{"level":"INFO","message":"[6:27:11.024 PM]: Connection[id: 985498db-d245-4d8f-9988-d42477214eb2] - authentication successful using: SNOWFLAKE"}
{"level":"INFO","message":"[6:27:11.024 PM]: Trying to initialize Easy Logging"}
{"level":"INFO","message":"[6:27:11.026 PM]: No client config detected."}
{"level":"INFO","message":"[6:27:11.026 PM]: No config file path found. Client config will not be used."}
{"level":"INFO","message":"[6:27:11.027 PM]: Easy Logging is disabled as no config has been found"}
{"level":"INFO","message":"[6:27:11.029 PM]: Connection[id: 985498db-d245-4d8f-9988-d42477214eb2] - connected successfully after 5.3899169999999685 milliseconds"}
{"level":"INFO","message":"[6:29:35.557 PM]: Creating new connection object"}
{"level":"INFO","message":"[6:29:35.564 PM]: Creating Connection[id: 48e3b55f-9462-44d6-986c-c1a82ed1e861] with host: ZOUCZHD-TH77075.snowflakecomputing.com, account: ZOUCZHD-TH77075, accessUrl: https://ZOUCZHD-TH77075.snowflakecomputing.com, user: ARKELZIKO, password is provided, role: undefined, database: HARK_DB, schema: PUBLIC, warehouse: COMPUTE_WH, region: undefined, authenticator: SNOWFLAKE, ocsp mode: FAIL_OPEN, os: darwin, os version: 25.3.0"}
{"level":"INFO","message":"[6:29:35.564 PM]: Connection[id: 48e3b55f-9462-44d6-986c-c1a82ed1e861] additional details: passcode in password is provided, passcode is not provided, private key is not provided, application: undefined, client name: snowflake-sdk, client version: 1.15.0, retry timeout: 300, private key path: undefined, private key pass is not provided, client store temporary credential: false, browser response timeout: 120000"}
{"level":"INFO","message":"[6:29:35.564 PM]: Connection[id: 48e3b55f-9462-44d6-986c-c1a82ed1e861] - connection object created successfully."}
{"level":"INFO","message":"[6:29:35.565 PM]: Connection[id: 48e3b55f-9462-44d6-986c-c1a82ed1e861] - connecting. Associated Snowflake domain: GLOBAL"}
{"level":"INFO","message":"[6:29:35.565 PM]: Connection[id: 48e3b55f-9462-44d6-986c-c1a82ed1e861] - authentication successful using: SNOWFLAKE"}
{"level":"INFO","message":"[6:29:35.565 PM]: Trying to initialize Easy Logging"}
{"level":"INFO","message":"[6:29:35.566 PM]: No client config detected."}
{"level":"INFO","message":"[6:29:35.566 PM]: No config file path found. Client config will not be used."}
{"level":"INFO","message":"[6:29:35.566 PM]: Easy Logging is disabled as no config has been found"}
{"level":"INFO","message":"[6:29:35.568 PM]: Connection[id: 48e3b55f-9462-44d6-986c-c1a82ed1e861] - connected successfully after 3.0010000000002037 milliseconds"}
{"level":"INFO","message":"[6:37:04.296 PM]: Creating new connection object"}
{"level":"INFO","message":"[6:37:04.304 PM]: Creating Connection[id: 1cb510f5-215b-4477-ae6d-65a4cd6aa923] with host: ZOUCZHD-TH77075.snowflakecomputing.com, account: ZOUCZHD-TH77075, accessUrl: https://ZOUCZHD-TH77075.snowflakecomputing.com, user: ARKELZIKO, password is provided, role: undefined, database: HARK_DB, schema: PUBLIC, warehouse: COMPUTE_WH, region: undefined, authenticator: SNOWFLAKE, ocsp mode: FAIL_OPEN, os: darwin, os version: 25.3.0"}
{"level":"INFO","message":"[6:37:04.305 PM]: Connection[id: 1cb510f5-215b-4477-ae6d-65a4cd6aa923] additional details: passcode in password is provided, passcode is not provided, private key is not provided, application: undefined, client name: snowflake-sdk, client version: 1.15.0, retry timeout: 300, private key path: undefined, private key pass is not provided, client store temporary credential: false, browser response timeout: 120000"}
{"level":"INFO","message":"[6:37:04.305 PM]: Connection[id: 1cb510f5-215b-4477-ae6d-65a4cd6aa923] - connection object created successfully."}
{"level":"INFO","message":"[6:37:04.305 PM]: Connection[id: 1cb510f5-215b-4477-ae6d-65a4cd6aa923] - connecting. Associated Snowflake domain: GLOBAL"}
{"level":"INFO","message":"[6:37:04.305 PM]: Connection[id: 1cb510f5-215b-4477-ae6d-65a4cd6aa923] - authentication successful using: SNOWFLAKE"}
{"level":"INFO","message":"[6:37:04.306 PM]: Trying to initialize Easy Logging"}
{"level":"INFO","message":"[6:37:04.306 PM]: No client config detected."}
{"level":"INFO","message":"[6:37:04.306 PM]: No config file path found. Client config will not be used."}
{"level":"INFO","message":"[6:37:04.306 PM]: Easy Logging is disabled as no config has been found"}
{"level":"INFO","message":"[6:37:04.308 PM]: Connection[id: 1cb510f5-215b-4477-ae6d-65a4cd6aa923] - connected successfully after 2.586124999997992 milliseconds"}
